<?xml version="1.0" encoding="UTF-8"?>
<!-- Generated by org.testng.reporters.JUnitReportReporter -->
<testsuite skipped="0" hostname="DESKTOP-GBMD9S2" name="FirstTestNG.Loops_Concepts" tests="3" failures="0" timestamp="2020-10-10T22:37:21 EDT" time="0.015" errors="0">
  <testcase name="Do_while_Loops" time="0.011" classname="FirstTestNG.Loops_Concepts"/>
  <system-out/>
  <testcase name="While_loops" time="0.002" classname="FirstTestNG.Loops_Concepts"/>
  <system-out/>
  <testcase name="For_Loops" time="0.002" classname="FirstTestNG.Loops_Concepts"/>
  <system-out/>
</testsuite> <!-- FirstTestNG.Loops_Concepts -->
