<?xml version="1.0" encoding="UTF-8"?>
<!-- Generated by org.testng.reporters.JUnitReportReporter -->
<testsuite skipped="0" hostname="DESKTOP-GBMD9S2" name="FirstTestNG.Test_TestNG" tests="1" failures="0" timestamp="2020-09-25T00:19:40 EDT" time="34.704" errors="0">
  <testcase name="f" time="34.704" classname="FirstTestNG.Test_TestNG"/>
  <system-out/>
</testsuite> <!-- FirstTestNG.Test_TestNG -->
