<?xml version="1.0" encoding="UTF-8"?>
<!-- Generated by org.testng.reporters.JUnitReportReporter -->
<testsuite skipped="0" hostname="DESKTOP-GBMD9S2" name="emirates.VerifyHomePage" tests="1" failures="0" timestamp="2020-09-25T23:00:16 EDT" time="7.541" errors="0">
  <testcase name="f" time="7.541" classname="emirates.VerifyHomePage"/>
  <system-out/>
</testsuite> <!-- emirates.VerifyHomePage -->
